{"name":"hexo","hostname":"hehuadongdeMacBook-Pro.local","pid":28851,"level":20,"msg":"Writing database to /Users/heartmark/Desktop/Blog/hexo-blog-stun/db.json","time":"2020-05-19T05:43:41.550Z","v":0}
{"name":"hexo","hostname":"hehuadongdeMacBook-Pro.local","pid":28851,"level":20,"msg":"Hexo version: \u001b[35m4.2.1\u001b[39m","time":"2020-05-19T05:43:41.562Z","v":0}
{"name":"hexo","hostname":"hehuadongdeMacBook-Pro.local","pid":28851,"level":20,"msg":"Working directory: \u001b[35m~/Desktop/Blog/hexo-blog-stun/\u001b[39m","time":"2020-05-19T05:43:41.562Z","v":0}
{"name":"hexo","hostname":"hehuadongdeMacBook-Pro.local","pid":28851,"level":20,"msg":"Config loaded: \u001b[35m~/Desktop/Blog/hexo-blog-stun/_config.yml\u001b[39m","time":"2020-05-19T05:43:41.643Z","v":0}
{"name":"hexo","hostname":"hehuadongdeMacBook-Pro.local","pid":28851,"level":20,"msg":"Plugin loaded: \u001b[35mhexo-generator-category\u001b[39m","time":"2020-05-19T05:43:41.656Z","v":0}
{"name":"hexo","hostname":"hehuadongdeMacBook-Pro.local","pid":28851,"level":20,"msg":"Plugin loaded: \u001b[35mhexo-generator-index\u001b[39m","time":"2020-05-19T05:43:41.657Z","v":0}
{"name":"hexo","hostname":"hehuadongdeMacBook-Pro.local","pid":28851,"level":20,"msg":"Plugin loaded: \u001b[35mhexo-render-pug\u001b[39m","time":"2020-05-19T05:43:41.826Z","v":0}
{"name":"hexo","hostname":"hehuadongdeMacBook-Pro.local","pid":28851,"level":20,"msg":"Plugin loaded: \u001b[35mhexo-renderer-ejs\u001b[39m","time":"2020-05-19T05:43:41.828Z","v":0}
{"name":"hexo","hostname":"hehuadongdeMacBook-Pro.local","pid":28851,"level":20,"msg":"Plugin loaded: \u001b[35mhexo-generator-tag\u001b[39m","time":"2020-05-19T05:43:41.829Z","v":0}
{"name":"hexo","hostname":"hehuadongdeMacBook-Pro.local","pid":28851,"level":20,"msg":"Plugin loaded: \u001b[35mhexo-renderer-stylus\u001b[39m","time":"2020-05-19T05:43:41.892Z","v":0}
{"name":"hexo","hostname":"hehuadongdeMacBook-Pro.local","pid":28851,"level":20,"msg":"Plugin loaded: \u001b[35mhexo-generator-archive\u001b[39m","time":"2020-05-19T05:43:41.893Z","v":0}
{"name":"hexo","hostname":"hehuadongdeMacBook-Pro.local","pid":28851,"level":20,"msg":"Plugin loaded: \u001b[35mhexo-renderer-marked\u001b[39m","time":"2020-05-19T05:43:41.923Z","v":0}
{"name":"hexo","hostname":"hehuadongdeMacBook-Pro.local","pid":28851,"level":20,"msg":"Plugin loaded: \u001b[35mhexo-server\u001b[39m","time":"2020-05-19T05:43:41.986Z","v":0}
{"name":"hexo","hostname":"hehuadongdeMacBook-Pro.local","pid":28851,"level":20,"msg":"Script loaded: \u001b[35mthemes/Butterfly/scripts/events/404.js\u001b[39m","time":"2020-05-19T05:43:41.991Z","v":0}
{"name":"hexo","hostname":"hehuadongdeMacBook-Pro.local","pid":28851,"level":20,"msg":"Script loaded: \u001b[35mthemes/Butterfly/scripts/events/replace_config.js\u001b[39m","time":"2020-05-19T05:43:41.991Z","v":0}
{"name":"hexo","hostname":"hehuadongdeMacBook-Pro.local","pid":28851,"level":20,"msg":"Script loaded: \u001b[35mthemes/Butterfly/scripts/filters/post_lazyload.js\u001b[39m","time":"2020-05-19T05:43:41.991Z","v":0}
{"name":"hexo","hostname":"hehuadongdeMacBook-Pro.local","pid":28851,"level":20,"msg":"Script loaded: \u001b[35mthemes/Butterfly/scripts/filters/random_cover.js\u001b[39m","time":"2020-05-19T05:43:41.991Z","v":0}
{"name":"hexo","hostname":"hehuadongdeMacBook-Pro.local","pid":28851,"level":20,"msg":"Script loaded: \u001b[35mthemes/Butterfly/scripts/helpers/aside_archives.js\u001b[39m","time":"2020-05-19T05:43:41.992Z","v":0}
{"name":"hexo","hostname":"hehuadongdeMacBook-Pro.local","pid":28851,"level":20,"msg":"Script loaded: \u001b[35mthemes/Butterfly/scripts/helpers/aside_categories.js\u001b[39m","time":"2020-05-19T05:43:41.992Z","v":0}
{"name":"hexo","hostname":"hehuadongdeMacBook-Pro.local","pid":28851,"level":20,"msg":"Script loaded: \u001b[35mthemes/Butterfly/scripts/helpers/page.js\u001b[39m","time":"2020-05-19T05:43:41.992Z","v":0}
{"name":"hexo","hostname":"hehuadongdeMacBook-Pro.local","pid":28851,"level":20,"msg":"Script loaded: \u001b[35mthemes/Butterfly/scripts/tags/gallery.js\u001b[39m","time":"2020-05-19T05:43:41.993Z","v":0}
{"name":"hexo","hostname":"hehuadongdeMacBook-Pro.local","pid":28851,"level":20,"msg":"Script loaded: \u001b[35mthemes/Butterfly/scripts/tags/hide.js\u001b[39m","time":"2020-05-19T05:43:41.993Z","v":0}
{"name":"hexo","hostname":"hehuadongdeMacBook-Pro.local","pid":28851,"level":20,"msg":"Script loaded: \u001b[35mthemes/Butterfly/scripts/helpers/related_post.js\u001b[39m","time":"2020-05-19T05:43:41.994Z","v":0}
{"name":"hexo","hostname":"hehuadongdeMacBook-Pro.local","pid":28851,"level":20,"msg":"Script loaded: \u001b[35mthemes/Butterfly/scripts/tags/note.js\u001b[39m","time":"2020-05-19T05:43:41.994Z","v":0}
{"name":"hexo","hostname":"hehuadongdeMacBook-Pro.local","pid":28851,"level":20,"msg":"Script loaded: \u001b[35mthemes/Butterfly/scripts/tags/mermaid.js\u001b[39m","time":"2020-05-19T05:43:41.994Z","v":0}
{"name":"hexo","hostname":"hehuadongdeMacBook-Pro.local","pid":28851,"level":20,"msg":"Loading database.","time":"2020-05-19T05:43:41.998Z","v":0}
{"name":"hexo","hostname":"hehuadongdeMacBook-Pro.local","pid":28851,"level":30,"msg":"Start processing","time":"2020-05-19T05:43:42.030Z","v":0}
{"name":"hexo","hostname":"hehuadongdeMacBook-Pro.local","pid":28851,"level":20,"msg":"Processed: \u001b[35m_posts/hello-world.md\u001b[39m","time":"2020-05-19T05:43:42.049Z","v":0}
{"name":"hexo","hostname":"hehuadongdeMacBook-Pro.local","pid":28851,"level":20,"msg":"Theme config loaded.","time":"2020-05-19T05:43:42.083Z","v":0}
{"name":"hexo","hostname":"hehuadongdeMacBook-Pro.local","pid":28851,"level":20,"msg":"Processed: \u001b[35m_config.yml\u001b[39m","time":"2020-05-19T05:43:42.083Z","v":0}
{"name":"hexo","hostname":"hehuadongdeMacBook-Pro.local","pid":28851,"level":20,"msg":"Processed: \u001b[35msource/css/index.styl\u001b[39m","time":"2020-05-19T05:43:42.102Z","v":0}
{"name":"hexo","hostname":"hehuadongdeMacBook-Pro.local","pid":28851,"level":20,"msg":"Processed: \u001b[35msource/css/var.styl\u001b[39m","time":"2020-05-19T05:43:42.103Z","v":0}
{"name":"hexo","hostname":"hehuadongdeMacBook-Pro.local","pid":28851,"level":20,"msg":"Processed: \u001b[35msource/img/404.jpg\u001b[39m","time":"2020-05-19T05:43:42.103Z","v":0}
{"name":"hexo","hostname":"hehuadongdeMacBook-Pro.local","pid":28851,"level":20,"msg":"Processed: \u001b[35msource/img/algolia.svg\u001b[39m","time":"2020-05-19T05:43:42.104Z","v":0}
{"name":"hexo","hostname":"hehuadongdeMacBook-Pro.local","pid":28851,"level":20,"msg":"Processed: \u001b[35msource/img/favicon.png\u001b[39m","time":"2020-05-19T05:43:42.104Z","v":0}
{"name":"hexo","hostname":"hehuadongdeMacBook-Pro.local","pid":28851,"level":20,"msg":"Processed: \u001b[35msource/img/friend_404.gif\u001b[39m","time":"2020-05-19T05:43:42.104Z","v":0}
{"name":"hexo","hostname":"hehuadongdeMacBook-Pro.local","pid":28851,"level":20,"msg":"Processed: \u001b[35msource/img/icp.png\u001b[39m","time":"2020-05-19T05:43:42.104Z","v":0}
{"name":"hexo","hostname":"hehuadongdeMacBook-Pro.local","pid":28851,"level":20,"msg":"Processed: \u001b[35msource/img/loading.gif\u001b[39m","time":"2020-05-19T05:43:42.105Z","v":0}
{"name":"hexo","hostname":"hehuadongdeMacBook-Pro.local","pid":28851,"level":20,"msg":"Processed: \u001b[35msource/js/main.js\u001b[39m","time":"2020-05-19T05:43:42.105Z","v":0}
{"name":"hexo","hostname":"hehuadongdeMacBook-Pro.local","pid":28851,"level":20,"msg":"Processed: \u001b[35msource/js/tw_cn.js\u001b[39m","time":"2020-05-19T05:43:42.105Z","v":0}
{"name":"hexo","hostname":"hehuadongdeMacBook-Pro.local","pid":28851,"level":20,"msg":"Processed: \u001b[35msource/js/utils.js\u001b[39m","time":"2020-05-19T05:43:42.105Z","v":0}
{"name":"hexo","hostname":"hehuadongdeMacBook-Pro.local","pid":28851,"level":20,"msg":"Processed: \u001b[35mlayout/archive.pug\u001b[39m","time":"2020-05-19T05:43:42.118Z","v":0}
{"name":"hexo","hostname":"hehuadongdeMacBook-Pro.local","pid":28851,"level":20,"msg":"Processed: \u001b[35mlayout/404.pug\u001b[39m","time":"2020-05-19T05:43:42.118Z","v":0}
{"name":"hexo","hostname":"hehuadongdeMacBook-Pro.local","pid":28851,"level":20,"msg":"Processed: \u001b[35mlayout/flink.pug\u001b[39m","time":"2020-05-19T05:43:42.118Z","v":0}
{"name":"hexo","hostname":"hehuadongdeMacBook-Pro.local","pid":28851,"level":20,"msg":"Processed: \u001b[35mlayout/page.pug\u001b[39m","time":"2020-05-19T05:43:42.118Z","v":0}
{"name":"hexo","hostname":"hehuadongdeMacBook-Pro.local","pid":28851,"level":20,"msg":"Processed: \u001b[35mlayout/index.pug\u001b[39m","time":"2020-05-19T05:43:42.118Z","v":0}
{"name":"hexo","hostname":"hehuadongdeMacBook-Pro.local","pid":28851,"level":20,"msg":"Processed: \u001b[35mlayout/tag.pug\u001b[39m","time":"2020-05-19T05:43:42.118Z","v":0}
{"name":"hexo","hostname":"hehuadongdeMacBook-Pro.local","pid":28851,"level":20,"msg":"Processed: \u001b[35mlayout/post.pug\u001b[39m","time":"2020-05-19T05:43:42.119Z","v":0}
{"name":"hexo","hostname":"hehuadongdeMacBook-Pro.local","pid":28851,"level":20,"msg":"Processed: \u001b[35mlayout/category.pug\u001b[39m","time":"2020-05-19T05:43:42.119Z","v":0}
{"name":"hexo","hostname":"hehuadongdeMacBook-Pro.local","pid":28851,"level":20,"msg":"Processed: \u001b[35mlanguages/en.yml\u001b[39m","time":"2020-05-19T05:43:42.122Z","v":0}
{"name":"hexo","hostname":"hehuadongdeMacBook-Pro.local","pid":28851,"level":20,"msg":"Processed: \u001b[35mlanguages/default.yml\u001b[39m","time":"2020-05-19T05:43:42.122Z","v":0}
{"name":"hexo","hostname":"hehuadongdeMacBook-Pro.local","pid":28851,"level":20,"msg":"Processed: \u001b[35mlanguages/zh-CN.yml\u001b[39m","time":"2020-05-19T05:43:42.122Z","v":0}
{"name":"hexo","hostname":"hehuadongdeMacBook-Pro.local","pid":28851,"level":20,"msg":"Processed: \u001b[35mlanguages/zh-TW.yml\u001b[39m","time":"2020-05-19T05:43:42.123Z","v":0}
{"name":"hexo","hostname":"hehuadongdeMacBook-Pro.local","pid":28851,"level":20,"msg":"Processed: \u001b[35msource/js/search/local-search.js\u001b[39m","time":"2020-05-19T05:43:42.128Z","v":0}
{"name":"hexo","hostname":"hehuadongdeMacBook-Pro.local","pid":28851,"level":20,"msg":"Processed: \u001b[35msource/js/search/algolia.js\u001b[39m","time":"2020-05-19T05:43:42.129Z","v":0}
{"name":"hexo","hostname":"hehuadongdeMacBook-Pro.local","pid":28851,"level":20,"msg":"Processed: \u001b[35msource/js/third-party/ClickShowText.js\u001b[39m","time":"2020-05-19T05:43:42.129Z","v":0}
{"name":"hexo","hostname":"hehuadongdeMacBook-Pro.local","pid":28851,"level":20,"msg":"Processed: \u001b[35msource/js/third-party/activate-power-mode.js\u001b[39m","time":"2020-05-19T05:43:42.129Z","v":0}
{"name":"hexo","hostname":"hehuadongdeMacBook-Pro.local","pid":28851,"level":20,"msg":"Processed: \u001b[35msource/js/third-party/canvas-nest.js\u001b[39m","time":"2020-05-19T05:43:42.129Z","v":0}
{"name":"hexo","hostname":"hehuadongdeMacBook-Pro.local","pid":28851,"level":20,"msg":"Processed: \u001b[35msource/js/third-party/canvas-ribbon.js\u001b[39m","time":"2020-05-19T05:43:42.129Z","v":0}
{"name":"hexo","hostname":"hehuadongdeMacBook-Pro.local","pid":28851,"level":20,"msg":"Processed: \u001b[35msource/js/third-party/click_heart.js\u001b[39m","time":"2020-05-19T05:43:42.130Z","v":0}
{"name":"hexo","hostname":"hehuadongdeMacBook-Pro.local","pid":28851,"level":20,"msg":"Processed: \u001b[35msource/js/third-party/fireworks.js\u001b[39m","time":"2020-05-19T05:43:42.130Z","v":0}
{"name":"hexo","hostname":"hehuadongdeMacBook-Pro.local","pid":28851,"level":20,"msg":"Processed: \u001b[35msource/js/third-party/piao.js\u001b[39m","time":"2020-05-19T05:43:42.130Z","v":0}
{"name":"hexo","hostname":"hehuadongdeMacBook-Pro.local","pid":28851,"level":20,"msg":"Processed: \u001b[35mlayout/includes/additional-js.pug\u001b[39m","time":"2020-05-19T05:43:42.131Z","v":0}
{"name":"hexo","hostname":"hehuadongdeMacBook-Pro.local","pid":28851,"level":20,"msg":"Processed: \u001b[35mlayout/includes/footer.pug\u001b[39m","time":"2020-05-19T05:43:42.132Z","v":0}
{"name":"hexo","hostname":"hehuadongdeMacBook-Pro.local","pid":28851,"level":20,"msg":"Processed: \u001b[35mlayout/includes/head.pug\u001b[39m","time":"2020-05-19T05:43:42.133Z","v":0}
{"name":"hexo","hostname":"hehuadongdeMacBook-Pro.local","pid":28851,"level":20,"msg":"Processed: \u001b[35mlayout/includes/layout.pug\u001b[39m","time":"2020-05-19T05:43:42.133Z","v":0}
{"name":"hexo","hostname":"hehuadongdeMacBook-Pro.local","pid":28851,"level":20,"msg":"Processed: \u001b[35mlayout/includes/pagination.pug\u001b[39m","time":"2020-05-19T05:43:42.133Z","v":0}
{"name":"hexo","hostname":"hehuadongdeMacBook-Pro.local","pid":28851,"level":20,"msg":"Processed: \u001b[35mlayout/includes/rightside.pug\u001b[39m","time":"2020-05-19T05:43:42.133Z","v":0}
{"name":"hexo","hostname":"hehuadongdeMacBook-Pro.local","pid":28851,"level":20,"msg":"Processed: \u001b[35mlayout/includes/sidebar.pug\u001b[39m","time":"2020-05-19T05:43:42.133Z","v":0}
{"name":"hexo","hostname":"hehuadongdeMacBook-Pro.local","pid":28851,"level":20,"msg":"Processed: \u001b[35mlayout/includes/comments/disqus.pug\u001b[39m","time":"2020-05-19T05:43:42.137Z","v":0}
{"name":"hexo","hostname":"hehuadongdeMacBook-Pro.local","pid":28851,"level":20,"msg":"Processed: \u001b[35mlayout/includes/comments/disqusjs.pug\u001b[39m","time":"2020-05-19T05:43:42.138Z","v":0}
{"name":"hexo","hostname":"hehuadongdeMacBook-Pro.local","pid":28851,"level":20,"msg":"Processed: \u001b[35mlayout/includes/comments/gitalk.pug\u001b[39m","time":"2020-05-19T05:43:42.138Z","v":0}
{"name":"hexo","hostname":"hehuadongdeMacBook-Pro.local","pid":28851,"level":20,"msg":"Processed: \u001b[35mlayout/includes/comments/facebook_comments.pug\u001b[39m","time":"2020-05-19T05:43:42.138Z","v":0}
{"name":"hexo","hostname":"hehuadongdeMacBook-Pro.local","pid":28851,"level":20,"msg":"Processed: \u001b[35mlayout/includes/comments/index.pug\u001b[39m","time":"2020-05-19T05:43:42.138Z","v":0}
{"name":"hexo","hostname":"hehuadongdeMacBook-Pro.local","pid":28851,"level":20,"msg":"Processed: \u001b[35mlayout/includes/comments/laibili.pug\u001b[39m","time":"2020-05-19T05:43:42.138Z","v":0}
{"name":"hexo","hostname":"hehuadongdeMacBook-Pro.local","pid":28851,"level":20,"msg":"Processed: \u001b[35mlayout/includes/comments/utterances.pug\u001b[39m","time":"2020-05-19T05:43:42.138Z","v":0}
{"name":"hexo","hostname":"hehuadongdeMacBook-Pro.local","pid":28851,"level":20,"msg":"Processed: \u001b[35mlayout/includes/head/Open_Graph.pug\u001b[39m","time":"2020-05-19T05:43:42.138Z","v":0}
{"name":"hexo","hostname":"hehuadongdeMacBook-Pro.local","pid":28851,"level":20,"msg":"Processed: \u001b[35mlayout/includes/comments/valine.pug\u001b[39m","time":"2020-05-19T05:43:42.138Z","v":0}
{"name":"hexo","hostname":"hehuadongdeMacBook-Pro.local","pid":28851,"level":20,"msg":"Processed: \u001b[35mlayout/includes/head/comment.pug\u001b[39m","time":"2020-05-19T05:43:42.138Z","v":0}
{"name":"hexo","hostname":"hehuadongdeMacBook-Pro.local","pid":28851,"level":20,"msg":"Processed: \u001b[35mlayout/includes/head/config_site.pug\u001b[39m","time":"2020-05-19T05:43:42.138Z","v":0}
{"name":"hexo","hostname":"hehuadongdeMacBook-Pro.local","pid":28851,"level":20,"msg":"Processed: \u001b[35mlayout/includes/head/analytics.pug\u001b[39m","time":"2020-05-19T05:43:42.138Z","v":0}
{"name":"hexo","hostname":"hehuadongdeMacBook-Pro.local","pid":28851,"level":20,"msg":"Processed: \u001b[35mlayout/includes/head/config.pug\u001b[39m","time":"2020-05-19T05:43:42.138Z","v":0}
{"name":"hexo","hostname":"hehuadongdeMacBook-Pro.local","pid":28851,"level":20,"msg":"Processed: \u001b[35mlayout/includes/head/darkmode.pug\u001b[39m","time":"2020-05-19T05:43:42.138Z","v":0}
{"name":"hexo","hostname":"hehuadongdeMacBook-Pro.local","pid":28851,"level":20,"msg":"Processed: \u001b[35mlayout/includes/head/dns_prefetch.pug\u001b[39m","time":"2020-05-19T05:43:42.139Z","v":0}
{"name":"hexo","hostname":"hehuadongdeMacBook-Pro.local","pid":28851,"level":20,"msg":"Processed: \u001b[35mlayout/includes/head/google_adsense.pug\u001b[39m","time":"2020-05-19T05:43:42.139Z","v":0}
{"name":"hexo","hostname":"hehuadongdeMacBook-Pro.local","pid":28851,"level":20,"msg":"Processed: \u001b[35mlayout/includes/head/site_verification.pug\u001b[39m","time":"2020-05-19T05:43:42.139Z","v":0}
{"name":"hexo","hostname":"hehuadongdeMacBook-Pro.local","pid":28851,"level":20,"msg":"Processed: \u001b[35mlayout/includes/head/pwa.pug\u001b[39m","time":"2020-05-19T05:43:42.139Z","v":0}
{"name":"hexo","hostname":"hehuadongdeMacBook-Pro.local","pid":28851,"level":20,"msg":"Processed: \u001b[35mlayout/includes/head/noscript.pug\u001b[39m","time":"2020-05-19T05:43:42.139Z","v":0}
{"name":"hexo","hostname":"hehuadongdeMacBook-Pro.local","pid":28851,"level":20,"msg":"Processed: \u001b[35mlayout/includes/head/subtitle.pug\u001b[39m","time":"2020-05-19T05:43:42.139Z","v":0}
{"name":"hexo","hostname":"hehuadongdeMacBook-Pro.local","pid":28851,"level":20,"msg":"Processed: \u001b[35mlayout/includes/header/header.pug\u001b[39m","time":"2020-05-19T05:43:42.139Z","v":0}
{"name":"hexo","hostname":"hehuadongdeMacBook-Pro.local","pid":28851,"level":20,"msg":"Processed: \u001b[35mlayout/includes/header/index.pug\u001b[39m","time":"2020-05-19T05:43:42.139Z","v":0}
{"name":"hexo","hostname":"hehuadongdeMacBook-Pro.local","pid":28851,"level":20,"msg":"Processed: \u001b[35mlayout/includes/header/menu_item.pug\u001b[39m","time":"2020-05-19T05:43:42.139Z","v":0}
{"name":"hexo","hostname":"hehuadongdeMacBook-Pro.local","pid":28851,"level":20,"msg":"Processed: \u001b[35mlayout/includes/header/post-info.pug\u001b[39m","time":"2020-05-19T05:43:42.139Z","v":0}
{"name":"hexo","hostname":"hehuadongdeMacBook-Pro.local","pid":28851,"level":20,"msg":"Processed: \u001b[35mlayout/includes/loading/loading-js.pug\u001b[39m","time":"2020-05-19T05:43:42.139Z","v":0}
{"name":"hexo","hostname":"hehuadongdeMacBook-Pro.local","pid":28851,"level":20,"msg":"Processed: \u001b[35mlayout/includes/header/social.pug\u001b[39m","time":"2020-05-19T05:43:42.139Z","v":0}
{"name":"hexo","hostname":"hehuadongdeMacBook-Pro.local","pid":28851,"level":20,"msg":"Processed: \u001b[35mlayout/includes/mixins/article-sort.pug\u001b[39m","time":"2020-05-19T05:43:42.139Z","v":0}
{"name":"hexo","hostname":"hehuadongdeMacBook-Pro.local","pid":28851,"level":20,"msg":"Processed: \u001b[35mlayout/includes/loading/loading.pug\u001b[39m","time":"2020-05-19T05:43:42.140Z","v":0}
{"name":"hexo","hostname":"hehuadongdeMacBook-Pro.local","pid":28851,"level":20,"msg":"Processed: \u001b[35mlayout/includes/mixins/post-ui.pug\u001b[39m","time":"2020-05-19T05:43:42.140Z","v":0}
{"name":"hexo","hostname":"hehuadongdeMacBook-Pro.local","pid":28851,"level":20,"msg":"Processed: \u001b[35mlayout/includes/math/index.pug\u001b[39m","time":"2020-05-19T05:43:42.140Z","v":0}
{"name":"hexo","hostname":"hehuadongdeMacBook-Pro.local","pid":28851,"level":20,"msg":"Processed: \u001b[35mlayout/includes/math/katex.pug\u001b[39m","time":"2020-05-19T05:43:42.140Z","v":0}
{"name":"hexo","hostname":"hehuadongdeMacBook-Pro.local","pid":28851,"level":20,"msg":"Processed: \u001b[35mlayout/includes/math/mathjax.pug\u001b[39m","time":"2020-05-19T05:43:42.140Z","v":0}
{"name":"hexo","hostname":"hehuadongdeMacBook-Pro.local","pid":28851,"level":20,"msg":"Processed: \u001b[35mlayout/includes/mobile-sidebar/index.pug\u001b[39m","time":"2020-05-19T05:43:42.140Z","v":0}
{"name":"hexo","hostname":"hehuadongdeMacBook-Pro.local","pid":28851,"level":20,"msg":"Processed: \u001b[35mlayout/includes/math/mermaid.pug\u001b[39m","time":"2020-05-19T05:43:42.140Z","v":0}
{"name":"hexo","hostname":"hehuadongdeMacBook-Pro.local","pid":28851,"level":20,"msg":"Processed: \u001b[35mlayout/includes/mobile-sidebar/mobile-menus.pug\u001b[39m","time":"2020-05-19T05:43:42.140Z","v":0}
{"name":"hexo","hostname":"hehuadongdeMacBook-Pro.local","pid":28851,"level":20,"msg":"Processed: \u001b[35mlayout/includes/post/reward.pug\u001b[39m","time":"2020-05-19T05:43:42.140Z","v":0}
{"name":"hexo","hostname":"hehuadongdeMacBook-Pro.local","pid":28851,"level":20,"msg":"Processed: \u001b[35mlayout/includes/post/post-copyright.pug\u001b[39m","time":"2020-05-19T05:43:42.141Z","v":0}
{"name":"hexo","hostname":"hehuadongdeMacBook-Pro.local","pid":28851,"level":20,"msg":"Processed: \u001b[35mlayout/includes/search/algolia.pug\u001b[39m","time":"2020-05-19T05:43:42.141Z","v":0}
{"name":"hexo","hostname":"hehuadongdeMacBook-Pro.local","pid":28851,"level":20,"msg":"Processed: \u001b[35mlayout/includes/search/index.pug\u001b[39m","time":"2020-05-19T05:43:42.141Z","v":0}
{"name":"hexo","hostname":"hehuadongdeMacBook-Pro.local","pid":28851,"level":20,"msg":"Processed: \u001b[35mlayout/includes/search/local-search.pug\u001b[39m","time":"2020-05-19T05:43:42.141Z","v":0}
{"name":"hexo","hostname":"hehuadongdeMacBook-Pro.local","pid":28851,"level":20,"msg":"Processed: \u001b[35mlayout/includes/share/add-this.pug\u001b[39m","time":"2020-05-19T05:43:42.141Z","v":0}
{"name":"hexo","hostname":"hehuadongdeMacBook-Pro.local","pid":28851,"level":20,"msg":"Processed: \u001b[35mlayout/includes/share/addtoany.pug\u001b[39m","time":"2020-05-19T05:43:42.141Z","v":0}
{"name":"hexo","hostname":"hehuadongdeMacBook-Pro.local","pid":28851,"level":20,"msg":"Processed: \u001b[35mlayout/includes/share/index.pug\u001b[39m","time":"2020-05-19T05:43:42.141Z","v":0}
{"name":"hexo","hostname":"hehuadongdeMacBook-Pro.local","pid":28851,"level":20,"msg":"Processed: \u001b[35mlayout/includes/share/share-js.pug\u001b[39m","time":"2020-05-19T05:43:42.141Z","v":0}
{"name":"hexo","hostname":"hehuadongdeMacBook-Pro.local","pid":28851,"level":20,"msg":"Processed: \u001b[35mlayout/includes/third-party/canvas-ribbon-piao.pug\u001b[39m","time":"2020-05-19T05:43:42.141Z","v":0}
{"name":"hexo","hostname":"hehuadongdeMacBook-Pro.local","pid":28851,"level":20,"msg":"Processed: \u001b[35mlayout/includes/third-party/canvas-nest.pug\u001b[39m","time":"2020-05-19T05:43:42.141Z","v":0}
{"name":"hexo","hostname":"hehuadongdeMacBook-Pro.local","pid":28851,"level":20,"msg":"Processed: \u001b[35mlayout/includes/third-party/canvas-ribbon.pug\u001b[39m","time":"2020-05-19T05:43:42.141Z","v":0}
{"name":"hexo","hostname":"hehuadongdeMacBook-Pro.local","pid":28851,"level":20,"msg":"Processed: \u001b[35mlayout/includes/third-party/pangu.pug\u001b[39m","time":"2020-05-19T05:43:42.141Z","v":0}
{"name":"hexo","hostname":"hehuadongdeMacBook-Pro.local","pid":28851,"level":20,"msg":"Processed: \u001b[35mlayout/includes/widget/card_ad.pug\u001b[39m","time":"2020-05-19T05:43:42.141Z","v":0}
{"name":"hexo","hostname":"hehuadongdeMacBook-Pro.local","pid":28851,"level":20,"msg":"Processed: \u001b[35mlayout/includes/widget/card_announcement.pug\u001b[39m","time":"2020-05-19T05:43:42.141Z","v":0}
{"name":"hexo","hostname":"hehuadongdeMacBook-Pro.local","pid":28851,"level":20,"msg":"Processed: \u001b[35mlayout/includes/widget/card_archives.pug\u001b[39m","time":"2020-05-19T05:43:42.142Z","v":0}
{"name":"hexo","hostname":"hehuadongdeMacBook-Pro.local","pid":28851,"level":20,"msg":"Processed: \u001b[35mlayout/includes/widget/card_author.pug\u001b[39m","time":"2020-05-19T05:43:42.143Z","v":0}
{"name":"hexo","hostname":"hehuadongdeMacBook-Pro.local","pid":28851,"level":20,"msg":"Processed: \u001b[35mlayout/includes/widget/card_categories.pug\u001b[39m","time":"2020-05-19T05:43:42.143Z","v":0}
{"name":"hexo","hostname":"hehuadongdeMacBook-Pro.local","pid":28851,"level":20,"msg":"Processed: \u001b[35mlayout/includes/widget/card_recent_post.pug\u001b[39m","time":"2020-05-19T05:43:42.143Z","v":0}
{"name":"hexo","hostname":"hehuadongdeMacBook-Pro.local","pid":28851,"level":20,"msg":"Processed: \u001b[35mlayout/includes/widget/card_tags.pug\u001b[39m","time":"2020-05-19T05:43:42.143Z","v":0}
{"name":"hexo","hostname":"hehuadongdeMacBook-Pro.local","pid":28851,"level":20,"msg":"Processed: \u001b[35mlayout/includes/widget/index.pug\u001b[39m","time":"2020-05-19T05:43:42.143Z","v":0}
{"name":"hexo","hostname":"hehuadongdeMacBook-Pro.local","pid":28851,"level":20,"msg":"Processed: \u001b[35mlayout/includes/widget/card_webinfo.pug\u001b[39m","time":"2020-05-19T05:43:42.143Z","v":0}
{"name":"hexo","hostname":"hehuadongdeMacBook-Pro.local","pid":28851,"level":20,"msg":"Processed: \u001b[35msource/css/_layout/category.styl\u001b[39m","time":"2020-05-19T05:43:42.145Z","v":0}
{"name":"hexo","hostname":"hehuadongdeMacBook-Pro.local","pid":28851,"level":20,"msg":"Processed: \u001b[35msource/css/_layout/loadding.styl\u001b[39m","time":"2020-05-19T05:43:42.145Z","v":0}
{"name":"hexo","hostname":"hehuadongdeMacBook-Pro.local","pid":28851,"level":20,"msg":"Processed: \u001b[35msource/css/_layout/flink.styl\u001b[39m","time":"2020-05-19T05:43:42.145Z","v":0}
{"name":"hexo","hostname":"hehuadongdeMacBook-Pro.local","pid":28851,"level":20,"msg":"Processed: \u001b[35msource/css/_layout/404.styl\u001b[39m","time":"2020-05-19T05:43:42.145Z","v":0}
{"name":"hexo","hostname":"hehuadongdeMacBook-Pro.local","pid":28851,"level":20,"msg":"Processed: \u001b[35msource/css/_layout/footer.styl\u001b[39m","time":"2020-05-19T05:43:42.145Z","v":0}
{"name":"hexo","hostname":"hehuadongdeMacBook-Pro.local","pid":28851,"level":20,"msg":"Processed: \u001b[35msource/css/_layout/aside.styl\u001b[39m","time":"2020-05-19T05:43:42.145Z","v":0}
{"name":"hexo","hostname":"hehuadongdeMacBook-Pro.local","pid":28851,"level":20,"msg":"Processed: \u001b[35msource/css/_layout/page.styl\u001b[39m","time":"2020-05-19T05:43:42.145Z","v":0}
{"name":"hexo","hostname":"hehuadongdeMacBook-Pro.local","pid":28851,"level":20,"msg":"Processed: \u001b[35msource/css/_layout/head.styl\u001b[39m","time":"2020-05-19T05:43:42.145Z","v":0}
{"name":"hexo","hostname":"hehuadongdeMacBook-Pro.local","pid":28851,"level":20,"msg":"Processed: \u001b[35msource/css/_layout/mobile-sidebar.styl\u001b[39m","time":"2020-05-19T05:43:42.146Z","v":0}
{"name":"hexo","hostname":"hehuadongdeMacBook-Pro.local","pid":28851,"level":20,"msg":"Processed: \u001b[35msource/css/_layout/post.styl\u001b[39m","time":"2020-05-19T05:43:42.146Z","v":0}
{"name":"hexo","hostname":"hehuadongdeMacBook-Pro.local","pid":28851,"level":20,"msg":"Processed: \u001b[35msource/css/_layout/reward.styl\u001b[39m","time":"2020-05-19T05:43:42.146Z","v":0}
{"name":"hexo","hostname":"hehuadongdeMacBook-Pro.local","pid":28851,"level":20,"msg":"Processed: \u001b[35msource/css/_layout/sidebar.styl\u001b[39m","time":"2020-05-19T05:43:42.146Z","v":0}
{"name":"hexo","hostname":"hehuadongdeMacBook-Pro.local","pid":28851,"level":20,"msg":"Processed: \u001b[35msource/css/_layout/rightside.styl\u001b[39m","time":"2020-05-19T05:43:42.149Z","v":0}
{"name":"hexo","hostname":"hehuadongdeMacBook-Pro.local","pid":28851,"level":20,"msg":"Processed: \u001b[35msource/css/_layout/relatedposts.styl\u001b[39m","time":"2020-05-19T05:43:42.150Z","v":0}
{"name":"hexo","hostname":"hehuadongdeMacBook-Pro.local","pid":28851,"level":20,"msg":"Processed: \u001b[35msource/css/_layout/third-party.styl\u001b[39m","time":"2020-05-19T05:43:42.150Z","v":0}
{"name":"hexo","hostname":"hehuadongdeMacBook-Pro.local","pid":28851,"level":20,"msg":"Processed: \u001b[35msource/css/_layout/pagination.styl\u001b[39m","time":"2020-05-19T05:43:42.150Z","v":0}
{"name":"hexo","hostname":"hehuadongdeMacBook-Pro.local","pid":28851,"level":20,"msg":"Generator: \u001b[35m404\u001b[39m","time":"2020-05-19T05:43:42.180Z","v":0}
{"name":"hexo","hostname":"hehuadongdeMacBook-Pro.local","pid":28851,"level":20,"msg":"Generator: \u001b[35mpage\u001b[39m","time":"2020-05-19T05:43:42.181Z","v":0}
{"name":"hexo","hostname":"hehuadongdeMacBook-Pro.local","pid":28851,"level":20,"msg":"Generator: \u001b[35mpost\u001b[39m","time":"2020-05-19T05:43:42.182Z","v":0}
{"name":"hexo","hostname":"hehuadongdeMacBook-Pro.local","pid":28851,"level":20,"msg":"Generator: \u001b[35mcategory\u001b[39m","time":"2020-05-19T05:43:42.182Z","v":0}
{"name":"hexo","hostname":"hehuadongdeMacBook-Pro.local","pid":28851,"level":20,"msg":"Generator: \u001b[35mindex\u001b[39m","time":"2020-05-19T05:43:42.182Z","v":0}
{"name":"hexo","hostname":"hehuadongdeMacBook-Pro.local","pid":28851,"level":20,"msg":"Generator: \u001b[35mtag\u001b[39m","time":"2020-05-19T05:43:42.182Z","v":0}
{"name":"hexo","hostname":"hehuadongdeMacBook-Pro.local","pid":28851,"level":20,"msg":"Generator: \u001b[35marchive\u001b[39m","time":"2020-05-19T05:43:42.182Z","v":0}
{"name":"hexo","hostname":"hehuadongdeMacBook-Pro.local","pid":28851,"level":20,"msg":"Generator: \u001b[35masset\u001b[39m","time":"2020-05-19T05:43:42.185Z","v":0}
{"name":"hexo","hostname":"hehuadongdeMacBook-Pro.local","pid":28851,"level":30,"msg":"Hexo is running at \u001b[4mhttp://localhost:4000\u001b[24m . Press Ctrl+C to stop.","time":"2020-05-19T05:43:42.197Z","v":0}
{"name":"hexo","hostname":"hehuadongdeMacBook-Pro.local","pid":28851,"level":20,"msg":"Database saved","time":"2020-05-19T05:43:42.202Z","v":0}
{"name":"hexo","hostname":"hehuadongdeMacBook-Pro.local","pid":28851,"level":20,"msg":"Rendering HTML index: \u001b[35mindex.html\u001b[39m","time":"2020-05-19T05:43:45.201Z","v":0}
{"name":"hexo","hostname":"hehuadongdeMacBook-Pro.local","pid":28851,"level":20,"msg":"Rendering HTML index: \u001b[35mindex.html\u001b[39m","time":"2020-05-19T05:44:03.034Z","v":0}
{"name":"hexo","hostname":"hehuadongdeMacBook-Pro.local","pid":28851,"level":20,"msg":"Rendering HTML index: \u001b[35mindex.html\u001b[39m","time":"2020-05-19T05:44:06.322Z","v":0}
{"name":"hexo","hostname":"hehuadongdeMacBook-Pro.local","pid":28851,"level":20,"msg":"Rendering HTML index: \u001b[35mindex.html\u001b[39m","time":"2020-05-19T05:44:07.395Z","v":0}
{"name":"hexo","hostname":"hehuadongdeMacBook-Pro.local","pid":28851,"level":20,"msg":"Rendering HTML index: \u001b[35mindex.html\u001b[39m","time":"2020-05-19T05:44:42.918Z","v":0}
{"name":"hexo","hostname":"hehuadongdeMacBook-Pro.local","pid":28851,"level":20,"msg":"Processed: \u001b[35m_data/_config.yml\u001b[39m","time":"2020-05-19T05:46:40.855Z","v":0}
{"name":"hexo","hostname":"hehuadongdeMacBook-Pro.local","pid":28851,"level":20,"msg":"Generator: \u001b[35m404\u001b[39m","time":"2020-05-19T05:46:40.967Z","v":0}
{"name":"hexo","hostname":"hehuadongdeMacBook-Pro.local","pid":28851,"level":20,"msg":"Generator: \u001b[35mpage\u001b[39m","time":"2020-05-19T05:46:40.968Z","v":0}
{"name":"hexo","hostname":"hehuadongdeMacBook-Pro.local","pid":28851,"level":20,"msg":"Generator: \u001b[35mpost\u001b[39m","time":"2020-05-19T05:46:40.968Z","v":0}
{"name":"hexo","hostname":"hehuadongdeMacBook-Pro.local","pid":28851,"level":20,"msg":"Generator: \u001b[35mcategory\u001b[39m","time":"2020-05-19T05:46:40.968Z","v":0}
{"name":"hexo","hostname":"hehuadongdeMacBook-Pro.local","pid":28851,"level":20,"msg":"Generator: \u001b[35mindex\u001b[39m","time":"2020-05-19T05:46:40.968Z","v":0}
{"name":"hexo","hostname":"hehuadongdeMacBook-Pro.local","pid":28851,"level":20,"msg":"Generator: \u001b[35mtag\u001b[39m","time":"2020-05-19T05:46:40.968Z","v":0}
{"name":"hexo","hostname":"hehuadongdeMacBook-Pro.local","pid":28851,"level":20,"msg":"Generator: \u001b[35marchive\u001b[39m","time":"2020-05-19T05:46:40.969Z","v":0}
{"name":"hexo","hostname":"hehuadongdeMacBook-Pro.local","pid":28851,"level":20,"msg":"Generator: \u001b[35masset\u001b[39m","time":"2020-05-19T05:46:40.972Z","v":0}
{"name":"hexo","hostname":"hehuadongdeMacBook-Pro.local","pid":28851,"level":20,"msg":"Processed: \u001b[35m_data/_config.yml\u001b[39m","time":"2020-05-19T05:46:41.750Z","v":0}
{"name":"hexo","hostname":"hehuadongdeMacBook-Pro.local","pid":28851,"level":20,"msg":"Generator: \u001b[35m404\u001b[39m","time":"2020-05-19T05:46:41.859Z","v":0}
{"name":"hexo","hostname":"hehuadongdeMacBook-Pro.local","pid":28851,"level":20,"msg":"Generator: \u001b[35mpage\u001b[39m","time":"2020-05-19T05:46:41.860Z","v":0}
{"name":"hexo","hostname":"hehuadongdeMacBook-Pro.local","pid":28851,"level":20,"msg":"Generator: \u001b[35mpost\u001b[39m","time":"2020-05-19T05:46:41.860Z","v":0}
{"name":"hexo","hostname":"hehuadongdeMacBook-Pro.local","pid":28851,"level":20,"msg":"Generator: \u001b[35mcategory\u001b[39m","time":"2020-05-19T05:46:41.860Z","v":0}
{"name":"hexo","hostname":"hehuadongdeMacBook-Pro.local","pid":28851,"level":20,"msg":"Generator: \u001b[35mindex\u001b[39m","time":"2020-05-19T05:46:41.860Z","v":0}
{"name":"hexo","hostname":"hehuadongdeMacBook-Pro.local","pid":28851,"level":20,"msg":"Generator: \u001b[35mtag\u001b[39m","time":"2020-05-19T05:46:41.860Z","v":0}
{"name":"hexo","hostname":"hehuadongdeMacBook-Pro.local","pid":28851,"level":20,"msg":"Generator: \u001b[35marchive\u001b[39m","time":"2020-05-19T05:46:41.860Z","v":0}
{"name":"hexo","hostname":"hehuadongdeMacBook-Pro.local","pid":28851,"level":20,"msg":"Generator: \u001b[35masset\u001b[39m","time":"2020-05-19T05:46:41.861Z","v":0}
{"name":"hexo","hostname":"hehuadongdeMacBook-Pro.local","pid":28851,"level":20,"msg":"Processed: \u001b[35m_data/_config.yml\u001b[39m","time":"2020-05-19T05:47:08.552Z","v":0}
{"name":"hexo","hostname":"hehuadongdeMacBook-Pro.local","pid":28851,"level":20,"msg":"Processed: \u001b[35m_data/butterfly.yml\u001b[39m","time":"2020-05-19T05:47:08.558Z","v":0}
{"name":"hexo","hostname":"hehuadongdeMacBook-Pro.local","pid":28851,"level":20,"msg":"Generator: \u001b[35m404\u001b[39m","time":"2020-05-19T05:47:08.661Z","v":0}
{"name":"hexo","hostname":"hehuadongdeMacBook-Pro.local","pid":28851,"level":20,"msg":"Generator: \u001b[35mpage\u001b[39m","time":"2020-05-19T05:47:08.662Z","v":0}
{"name":"hexo","hostname":"hehuadongdeMacBook-Pro.local","pid":28851,"level":20,"msg":"Generator: \u001b[35mpost\u001b[39m","time":"2020-05-19T05:47:08.662Z","v":0}
{"name":"hexo","hostname":"hehuadongdeMacBook-Pro.local","pid":28851,"level":20,"msg":"Generator: \u001b[35mcategory\u001b[39m","time":"2020-05-19T05:47:08.662Z","v":0}
{"name":"hexo","hostname":"hehuadongdeMacBook-Pro.local","pid":28851,"level":20,"msg":"Generator: \u001b[35mindex\u001b[39m","time":"2020-05-19T05:47:08.662Z","v":0}
{"name":"hexo","hostname":"hehuadongdeMacBook-Pro.local","pid":28851,"level":20,"msg":"Generator: \u001b[35mtag\u001b[39m","time":"2020-05-19T05:47:08.662Z","v":0}
{"name":"hexo","hostname":"hehuadongdeMacBook-Pro.local","pid":28851,"level":20,"msg":"Generator: \u001b[35marchive\u001b[39m","time":"2020-05-19T05:47:08.662Z","v":0}
{"name":"hexo","hostname":"hehuadongdeMacBook-Pro.local","pid":28851,"level":20,"msg":"Generator: \u001b[35masset\u001b[39m","time":"2020-05-19T05:47:08.663Z","v":0}
{"name":"hexo","hostname":"hehuadongdeMacBook-Pro.local","pid":28851,"level":20,"msg":"Theme config loaded.","time":"2020-05-19T05:50:18.360Z","v":0}
{"name":"hexo","hostname":"hehuadongdeMacBook-Pro.local","pid":28851,"level":20,"msg":"Processed: \u001b[35m_config.yml\u001b[39m","time":"2020-05-19T05:50:18.361Z","v":0}
{"name":"hexo","hostname":"hehuadongdeMacBook-Pro.local","pid":28851,"level":20,"msg":"Generator: \u001b[35m404\u001b[39m","time":"2020-05-19T05:50:18.467Z","v":0}
{"name":"hexo","hostname":"hehuadongdeMacBook-Pro.local","pid":28851,"level":20,"msg":"Generator: \u001b[35mpage\u001b[39m","time":"2020-05-19T05:50:18.468Z","v":0}
{"name":"hexo","hostname":"hehuadongdeMacBook-Pro.local","pid":28851,"level":20,"msg":"Generator: \u001b[35mpost\u001b[39m","time":"2020-05-19T05:50:18.468Z","v":0}
{"name":"hexo","hostname":"hehuadongdeMacBook-Pro.local","pid":28851,"level":20,"msg":"Generator: \u001b[35mcategory\u001b[39m","time":"2020-05-19T05:50:18.468Z","v":0}
{"name":"hexo","hostname":"hehuadongdeMacBook-Pro.local","pid":28851,"level":20,"msg":"Generator: \u001b[35mindex\u001b[39m","time":"2020-05-19T05:50:18.468Z","v":0}
{"name":"hexo","hostname":"hehuadongdeMacBook-Pro.local","pid":28851,"level":20,"msg":"Generator: \u001b[35mtag\u001b[39m","time":"2020-05-19T05:50:18.469Z","v":0}
{"name":"hexo","hostname":"hehuadongdeMacBook-Pro.local","pid":28851,"level":20,"msg":"Generator: \u001b[35marchive\u001b[39m","time":"2020-05-19T05:50:18.469Z","v":0}
{"name":"hexo","hostname":"hehuadongdeMacBook-Pro.local","pid":28851,"level":20,"msg":"Generator: \u001b[35masset\u001b[39m","time":"2020-05-19T05:50:18.469Z","v":0}
{"name":"hexo","hostname":"hehuadongdeMacBook-Pro.local","pid":28851,"level":20,"msg":"Theme config loaded.","time":"2020-05-19T05:50:41.337Z","v":0}
{"name":"hexo","hostname":"hehuadongdeMacBook-Pro.local","pid":28851,"level":20,"msg":"Processed: \u001b[35m_config.yml\u001b[39m","time":"2020-05-19T05:50:41.338Z","v":0}
{"name":"hexo","hostname":"hehuadongdeMacBook-Pro.local","pid":28851,"level":20,"msg":"Generator: \u001b[35m404\u001b[39m","time":"2020-05-19T05:50:41.445Z","v":0}
{"name":"hexo","hostname":"hehuadongdeMacBook-Pro.local","pid":28851,"level":20,"msg":"Generator: \u001b[35mpage\u001b[39m","time":"2020-05-19T05:50:41.446Z","v":0}
{"name":"hexo","hostname":"hehuadongdeMacBook-Pro.local","pid":28851,"level":20,"msg":"Generator: \u001b[35mpost\u001b[39m","time":"2020-05-19T05:50:41.446Z","v":0}
{"name":"hexo","hostname":"hehuadongdeMacBook-Pro.local","pid":28851,"level":20,"msg":"Generator: \u001b[35mcategory\u001b[39m","time":"2020-05-19T05:50:41.446Z","v":0}
{"name":"hexo","hostname":"hehuadongdeMacBook-Pro.local","pid":28851,"level":20,"msg":"Generator: \u001b[35mindex\u001b[39m","time":"2020-05-19T05:50:41.446Z","v":0}
{"name":"hexo","hostname":"hehuadongdeMacBook-Pro.local","pid":28851,"level":20,"msg":"Generator: \u001b[35mtag\u001b[39m","time":"2020-05-19T05:50:41.446Z","v":0}
{"name":"hexo","hostname":"hehuadongdeMacBook-Pro.local","pid":28851,"level":20,"msg":"Generator: \u001b[35marchive\u001b[39m","time":"2020-05-19T05:50:41.446Z","v":0}
{"name":"hexo","hostname":"hehuadongdeMacBook-Pro.local","pid":28851,"level":20,"msg":"Generator: \u001b[35masset\u001b[39m","time":"2020-05-19T05:50:41.447Z","v":0}
{"name":"hexo","hostname":"hehuadongdeMacBook-Pro.local","pid":28851,"level":20,"msg":"Theme config loaded.","time":"2020-05-19T05:50:59.532Z","v":0}
{"name":"hexo","hostname":"hehuadongdeMacBook-Pro.local","pid":28851,"level":20,"msg":"Processed: \u001b[35m_config.yml\u001b[39m","time":"2020-05-19T05:50:59.533Z","v":0}
{"name":"hexo","hostname":"hehuadongdeMacBook-Pro.local","pid":28851,"level":20,"msg":"Generator: \u001b[35m404\u001b[39m","time":"2020-05-19T05:50:59.638Z","v":0}
{"name":"hexo","hostname":"hehuadongdeMacBook-Pro.local","pid":28851,"level":20,"msg":"Generator: \u001b[35mpage\u001b[39m","time":"2020-05-19T05:50:59.639Z","v":0}
{"name":"hexo","hostname":"hehuadongdeMacBook-Pro.local","pid":28851,"level":20,"msg":"Generator: \u001b[35mpost\u001b[39m","time":"2020-05-19T05:50:59.639Z","v":0}
{"name":"hexo","hostname":"hehuadongdeMacBook-Pro.local","pid":28851,"level":20,"msg":"Generator: \u001b[35mcategory\u001b[39m","time":"2020-05-19T05:50:59.639Z","v":0}
{"name":"hexo","hostname":"hehuadongdeMacBook-Pro.local","pid":28851,"level":20,"msg":"Generator: \u001b[35mindex\u001b[39m","time":"2020-05-19T05:50:59.639Z","v":0}
{"name":"hexo","hostname":"hehuadongdeMacBook-Pro.local","pid":28851,"level":20,"msg":"Generator: \u001b[35mtag\u001b[39m","time":"2020-05-19T05:50:59.639Z","v":0}
{"name":"hexo","hostname":"hehuadongdeMacBook-Pro.local","pid":28851,"level":20,"msg":"Generator: \u001b[35marchive\u001b[39m","time":"2020-05-19T05:50:59.639Z","v":0}
{"name":"hexo","hostname":"hehuadongdeMacBook-Pro.local","pid":28851,"level":20,"msg":"Generator: \u001b[35masset\u001b[39m","time":"2020-05-19T05:50:59.640Z","v":0}
{"name":"hexo","hostname":"hehuadongdeMacBook-Pro.local","pid":28851,"level":20,"msg":"Theme config loaded.","time":"2020-05-19T05:51:11.484Z","v":0}
{"name":"hexo","hostname":"hehuadongdeMacBook-Pro.local","pid":28851,"level":20,"msg":"Processed: \u001b[35m_config.yml\u001b[39m","time":"2020-05-19T05:51:11.484Z","v":0}
{"name":"hexo","hostname":"hehuadongdeMacBook-Pro.local","pid":28851,"level":20,"msg":"Generator: \u001b[35m404\u001b[39m","time":"2020-05-19T05:51:11.592Z","v":0}
{"name":"hexo","hostname":"hehuadongdeMacBook-Pro.local","pid":28851,"level":20,"msg":"Generator: \u001b[35mpage\u001b[39m","time":"2020-05-19T05:51:11.594Z","v":0}
{"name":"hexo","hostname":"hehuadongdeMacBook-Pro.local","pid":28851,"level":20,"msg":"Generator: \u001b[35mpost\u001b[39m","time":"2020-05-19T05:51:11.594Z","v":0}
{"name":"hexo","hostname":"hehuadongdeMacBook-Pro.local","pid":28851,"level":20,"msg":"Generator: \u001b[35mcategory\u001b[39m","time":"2020-05-19T05:51:11.594Z","v":0}
{"name":"hexo","hostname":"hehuadongdeMacBook-Pro.local","pid":28851,"level":20,"msg":"Generator: \u001b[35mindex\u001b[39m","time":"2020-05-19T05:51:11.594Z","v":0}
{"name":"hexo","hostname":"hehuadongdeMacBook-Pro.local","pid":28851,"level":20,"msg":"Generator: \u001b[35mtag\u001b[39m","time":"2020-05-19T05:51:11.594Z","v":0}
{"name":"hexo","hostname":"hehuadongdeMacBook-Pro.local","pid":28851,"level":20,"msg":"Generator: \u001b[35marchive\u001b[39m","time":"2020-05-19T05:51:11.594Z","v":0}
{"name":"hexo","hostname":"hehuadongdeMacBook-Pro.local","pid":28851,"level":20,"msg":"Generator: \u001b[35masset\u001b[39m","time":"2020-05-19T05:51:11.595Z","v":0}
{"name":"hexo","hostname":"hehuadongdeMacBook-Pro.local","pid":28851,"level":20,"msg":"Theme config loaded.","time":"2020-05-19T05:51:23.236Z","v":0}
{"name":"hexo","hostname":"hehuadongdeMacBook-Pro.local","pid":28851,"level":20,"msg":"Processed: \u001b[35m_config.yml\u001b[39m","time":"2020-05-19T05:51:23.236Z","v":0}
{"name":"hexo","hostname":"hehuadongdeMacBook-Pro.local","pid":28851,"level":20,"msg":"Generator: \u001b[35m404\u001b[39m","time":"2020-05-19T05:51:23.342Z","v":0}
{"name":"hexo","hostname":"hehuadongdeMacBook-Pro.local","pid":28851,"level":20,"msg":"Generator: \u001b[35mpage\u001b[39m","time":"2020-05-19T05:51:23.344Z","v":0}
{"name":"hexo","hostname":"hehuadongdeMacBook-Pro.local","pid":28851,"level":20,"msg":"Generator: \u001b[35mpost\u001b[39m","time":"2020-05-19T05:51:23.344Z","v":0}
{"name":"hexo","hostname":"hehuadongdeMacBook-Pro.local","pid":28851,"level":20,"msg":"Generator: \u001b[35mcategory\u001b[39m","time":"2020-05-19T05:51:23.344Z","v":0}
{"name":"hexo","hostname":"hehuadongdeMacBook-Pro.local","pid":28851,"level":20,"msg":"Generator: \u001b[35mindex\u001b[39m","time":"2020-05-19T05:51:23.344Z","v":0}
{"name":"hexo","hostname":"hehuadongdeMacBook-Pro.local","pid":28851,"level":20,"msg":"Generator: \u001b[35mtag\u001b[39m","time":"2020-05-19T05:51:23.345Z","v":0}
{"name":"hexo","hostname":"hehuadongdeMacBook-Pro.local","pid":28851,"level":20,"msg":"Generator: \u001b[35marchive\u001b[39m","time":"2020-05-19T05:51:23.345Z","v":0}
{"name":"hexo","hostname":"hehuadongdeMacBook-Pro.local","pid":28851,"level":20,"msg":"Generator: \u001b[35masset\u001b[39m","time":"2020-05-19T05:51:23.346Z","v":0}
{"name":"hexo","hostname":"hehuadongdeMacBook-Pro.local","pid":28851,"level":20,"msg":"Theme config loaded.","time":"2020-05-19T05:51:41.237Z","v":0}
{"name":"hexo","hostname":"hehuadongdeMacBook-Pro.local","pid":28851,"level":20,"msg":"Processed: \u001b[35m_config.yml\u001b[39m","time":"2020-05-19T05:51:41.237Z","v":0}
{"name":"hexo","hostname":"hehuadongdeMacBook-Pro.local","pid":28851,"level":20,"msg":"Generator: \u001b[35m404\u001b[39m","time":"2020-05-19T05:51:41.342Z","v":0}
{"name":"hexo","hostname":"hehuadongdeMacBook-Pro.local","pid":28851,"level":20,"msg":"Generator: \u001b[35mpage\u001b[39m","time":"2020-05-19T05:51:41.343Z","v":0}
{"name":"hexo","hostname":"hehuadongdeMacBook-Pro.local","pid":28851,"level":20,"msg":"Generator: \u001b[35mpost\u001b[39m","time":"2020-05-19T05:51:41.343Z","v":0}
{"name":"hexo","hostname":"hehuadongdeMacBook-Pro.local","pid":28851,"level":20,"msg":"Generator: \u001b[35mcategory\u001b[39m","time":"2020-05-19T05:51:41.343Z","v":0}
{"name":"hexo","hostname":"hehuadongdeMacBook-Pro.local","pid":28851,"level":20,"msg":"Generator: \u001b[35mindex\u001b[39m","time":"2020-05-19T05:51:41.343Z","v":0}
{"name":"hexo","hostname":"hehuadongdeMacBook-Pro.local","pid":28851,"level":20,"msg":"Generator: \u001b[35mtag\u001b[39m","time":"2020-05-19T05:51:41.344Z","v":0}
{"name":"hexo","hostname":"hehuadongdeMacBook-Pro.local","pid":28851,"level":20,"msg":"Generator: \u001b[35marchive\u001b[39m","time":"2020-05-19T05:51:41.344Z","v":0}
{"name":"hexo","hostname":"hehuadongdeMacBook-Pro.local","pid":28851,"level":20,"msg":"Generator: \u001b[35masset\u001b[39m","time":"2020-05-19T05:51:41.344Z","v":0}
{"name":"hexo","hostname":"hehuadongdeMacBook-Pro.local","pid":28851,"level":20,"msg":"Rendering HTML index: \u001b[35mindex.html\u001b[39m","time":"2020-05-19T05:51:43.963Z","v":0}
{"name":"hexo","hostname":"hehuadongdeMacBook-Pro.local","pid":28851,"level":20,"msg":"Rendering HTML index: \u001b[35mindex.html\u001b[39m","time":"2020-05-19T05:52:10.294Z","v":0}
{"name":"hexo","hostname":"hehuadongdeMacBook-Pro.local","pid":28851,"level":20,"msg":"Rendering HTML index: \u001b[35mindex.html\u001b[39m","time":"2020-05-19T05:52:13.198Z","v":0}
{"name":"hexo","hostname":"hehuadongdeMacBook-Pro.local","pid":28851,"level":20,"msg":"Rendering HTML archive: \u001b[35marchives/index.html\u001b[39m","time":"2020-05-19T05:52:13.498Z","v":0}
{"name":"hexo","hostname":"hehuadongdeMacBook-Pro.local","pid":28851,"level":20,"msg":"Rendering HTML index: \u001b[35mindex.html\u001b[39m","time":"2020-05-19T05:52:15.515Z","v":0}
{"name":"hexo","hostname":"hehuadongdeMacBook-Pro.local","pid":28851,"level":20,"msg":"Rendering HTML post: \u001b[35m2020/05/18/hello-world/index.html\u001b[39m","time":"2020-05-19T05:52:18.107Z","v":0}
{"name":"hexo","hostname":"hehuadongdeMacBook-Pro.local","pid":28851,"level":20,"msg":"Rendering HTML index: \u001b[35mindex.html\u001b[39m","time":"2020-05-19T05:52:45.198Z","v":0}
{"name":"hexo","hostname":"hehuadongdeMacBook-Pro.local","pid":28851,"level":30,"msg":"Bye!","time":"2020-05-19T05:57:52.411Z","v":0}
{"name":"hexo","hostname":"hehuadongdeMacBook-Pro.local","pid":28851,"level":20,"msg":"Database saved","time":"2020-05-19T05:57:52.420Z","v":0}
